<?xml version="1.0" encoding="UTF-8"?>
<testsuite xmlns:xsi="http://www.w3.org/2001/XMLSchema-instance" xsi:noNamespaceSchemaLocation="https://maven.apache.org/surefire/maven-surefire-plugin/xsd/surefire-test-report-3.0.xsd" version="3.0" name="org.apache.maven.building.DefaultProblemTest" time="0.004" tests="7" errors="0" skipped="0" failures="0">
  <properties>
    <property name="java.specification.version" value="17"/>
    <property name="sun.jnu.encoding" value="UTF-8"/>
    <property name="java.class.path" value="/home/wael/apache-maven-3.9.8/maven-builder-support/target/test-classes:/home/wael/apache-maven-3.9.8/maven-builder-support/target/classes:/home/wael/.m2/repository/org/hamcrest/hamcrest/2.2/hamcrest-2.2.jar:/home/wael/.m2/repository/junit/junit/4.13.2/junit-4.13.2.jar:/home/wael/.m2/repository/org/hamcrest/hamcrest-core/2.2/hamcrest-core-2.2.jar:"/>
    <property name="java.vm.vendor" value="Ubuntu"/>
    <property name="sun.arch.data.model" value="64"/>
    <property name="java.vendor.url" value="https://ubuntu.com/"/>
    <property name="os.name" value="Linux"/>
    <property name="java.vm.specification.version" value="17"/>
    <property name="sun.java.launcher" value="SUN_STANDARD"/>
    <property name="user.country" value="US"/>
    <property name="sun.boot.library.path" value="/usr/lib/jvm/java-17-openjdk-amd64/lib"/>
    <property name="sun.java.command" value="/home/wael/apache-maven-3.9.8/maven-builder-support/target/surefire/surefirebooter-20240813153001534_24.jar /home/wael/apache-maven-3.9.8/maven-builder-support/target/surefire 2024-08-13T15-29-33_340-jvmRun1 surefire-20240813153001534_22tmp surefire_3-20240813153001534_23tmp"/>
    <property name="jdk.debug" value="release"/>
    <property name="surefire.test.class.path" value="/home/wael/apache-maven-3.9.8/maven-builder-support/target/test-classes:/home/wael/apache-maven-3.9.8/maven-builder-support/target/classes:/home/wael/.m2/repository/org/hamcrest/hamcrest/2.2/hamcrest-2.2.jar:/home/wael/.m2/repository/junit/junit/4.13.2/junit-4.13.2.jar:/home/wael/.m2/repository/org/hamcrest/hamcrest-core/2.2/hamcrest-core-2.2.jar:"/>
    <property name="sun.cpu.endian" value="little"/>
    <property name="user.home" value="/home/wael"/>
    <property name="user.language" value="en"/>
    <property name="java.specification.vendor" value="Oracle Corporation"/>
    <property name="java.version.date" value="2024-07-16"/>
    <property name="java.home" value="/usr/lib/jvm/java-17-openjdk-amd64"/>
    <property name="file.separator" value="/"/>
    <property name="basedir" value="/home/wael/apache-maven-3.9.8/maven-builder-support"/>
    <property name="java.vm.compressedOopsMode" value="32-bit"/>
    <property name="line.separator" value="&#10;"/>
    <property name="checkstyle.skip" value="true"/>
    <property name="java.vm.specification.vendor" value="Oracle Corporation"/>
    <property name="java.specification.name" value="Java Platform API Specification"/>
    <property name="surefire.real.class.path" value="/home/wael/apache-maven-3.9.8/maven-builder-support/target/surefire/surefirebooter-20240813153001534_24.jar"/>
    <property name="sun.management.compiler" value="HotSpot 64-Bit Tiered Compilers"/>
    <property name="java.runtime.version" value="17.0.12+7-Ubuntu-1ubuntu220.04"/>
    <property name="user.name" value="wael"/>
    <property name="path.separator" value=":"/>
    <property name="os.version" value="5.15.0-117-generic"/>
    <property name="java.runtime.name" value="OpenJDK Runtime Environment"/>
    <property name="file.encoding" value="UTF-8"/>
    <property name="java.vm.name" value="OpenJDK 64-Bit Server VM"/>
    <property name="localRepository" value="/home/wael/.m2/repository"/>
    <property name="java.vendor.url.bug" value="https://bugs.launchpad.net/ubuntu/+source/openjdk-17"/>
    <property name="java.io.tmpdir" value="/tmp"/>
    <property name="java.version" value="17.0.12"/>
    <property name="user.dir" value="/home/wael/apache-maven-3.9.8/maven-builder-support"/>
    <property name="os.arch" value="amd64"/>
    <property name="java.vm.specification.name" value="Java Virtual Machine Specification"/>
    <property name="native.encoding" value="UTF-8"/>
    <property name="java.library.path" value="/usr/java/packages/lib:/usr/lib/x86_64-linux-gnu/jni:/lib/x86_64-linux-gnu:/usr/lib/x86_64-linux-gnu:/usr/lib/jni:/lib:/usr/lib"/>
    <property name="java.vm.info" value="mixed mode, sharing"/>
    <property name="java.vendor" value="Ubuntu"/>
    <property name="java.vm.version" value="17.0.12+7-Ubuntu-1ubuntu220.04"/>
    <property name="sun.io.unicode.encoding" value="UnicodeLittle"/>
    <property name="java.class.version" value="61.0"/>
  </properties>
  <testcase name="testGetException" classname="org.apache.maven.building.DefaultProblemTest" time="0.0"/>
  <testcase name="testGetSeverity" classname="org.apache.maven.building.DefaultProblemTest" time="0.0"/>
  <testcase name="testGetLocation" classname="org.apache.maven.building.DefaultProblemTest" time="0.0"/>
  <testcase name="testGetColumnNumber" classname="org.apache.maven.building.DefaultProblemTest" time="0.0"/>
  <testcase name="testGetLineNumber" classname="org.apache.maven.building.DefaultProblemTest" time="0.0"/>
  <testcase name="testGetMessage" classname="org.apache.maven.building.DefaultProblemTest" time="0.002"/>
  <testcase name="testGetSource" classname="org.apache.maven.building.DefaultProblemTest" time="0.0"/>
</testsuite>