<?xml version="1.0" encoding="UTF-8"?>
<testsuite xmlns:xsi="http://www.w3.org/2001/XMLSchema-instance" xsi:noNamespaceSchemaLocation="https://maven.apache.org/surefire/maven-surefire-plugin/xsd/surefire-test-report-3.0.xsd" version="3.0" name="org.apache.maven.lifecycle.internal.ConcurrencyDependencyGraphTest" time="0.001" tests="2" errors="0" skipped="0" failures="0">
  <properties>
    <property name="java.specification.version" value="17"/>
    <property name="sun.jnu.encoding" value="UTF-8"/>
    <property name="java.class.path" value="/home/wael/apache-maven-3.9.8/maven-core/target/test-classes:/home/wael/apache-maven-3.9.8/maven-core/target/classes:/home/wael/apache-maven-3.9.8/maven-model/target/maven-model-3.9.8.jar:/home/wael/apache-maven-3.9.8/maven-settings/target/maven-settings-3.9.8.jar:/home/wael/apache-maven-3.9.8/maven-settings-builder/target/maven-settings-builder-3.9.8.jar:/home/wael/.m2/repository/org/codehaus/plexus/plexus-sec-dispatcher/2.0/plexus-sec-dispatcher-2.0.jar:/home/wael/.m2/repository/org/codehaus/plexus/plexus-cipher/2.0/plexus-cipher-2.0.jar:/home/wael/apache-maven-3.9.8/maven-builder-support/target/maven-builder-support-3.9.8.jar:/home/wael/apache-maven-3.9.8/maven-repository-metadata/target/maven-repository-metadata-3.9.8.jar:/home/wael/apache-maven-3.9.8/maven-artifact/target/maven-artifact-3.9.8.jar:/home/wael/apache-maven-3.9.8/maven-plugin-api/target/maven-plugin-api-3.9.8.jar:/home/wael/apache-maven-3.9.8/maven-model-builder/target/maven-model-builder-3.9.8.jar:/home/wael/apache-maven-3.9.8/maven-resolver-provider/target/maven-resolver-provider-3.9.8.jar:/home/wael/.m2/repository/org/apache/maven/resolver/maven-resolver-impl/1.9.20/maven-resolver-impl-1.9.20.jar:/home/wael/.m2/repository/org/apache/maven/resolver/maven-resolver-named-locks/1.9.20/maven-resolver-named-locks-1.9.20.jar:/home/wael/.m2/repository/org/apache/maven/resolver/maven-resolver-api/1.9.20/maven-resolver-api-1.9.20.jar:/home/wael/.m2/repository/org/apache/maven/resolver/maven-resolver-spi/1.9.20/maven-resolver-spi-1.9.20.jar:/home/wael/.m2/repository/org/apache/maven/resolver/maven-resolver-util/1.9.20/maven-resolver-util-1.9.20.jar:/home/wael/.m2/repository/org/apache/maven/shared/maven-shared-utils/3.4.2/maven-shared-utils-3.4.2.jar:/home/wael/.m2/repository/org/eclipse/sisu/org.eclipse.sisu.plexus/0.9.0.M3/org.eclipse.sisu.plexus-0.9.0.M3.jar:/home/wael/.m2/repository/org/codehaus/plexus/plexus-xml/3.0.0/plexus-xml-3.0.0.jar:/home/wael/.m2/repository/org/eclipse/sisu/org.eclipse.sisu.inject/0.9.0.M3/org.eclipse.sisu.inject-0.9.0.M3.jar:/home/wael/.m2/repository/com/google/inject/guice/5.1.0/guice-5.1.0.jar:/home/wael/.m2/repository/aopalliance/aopalliance/1.0/aopalliance-1.0.jar:/home/wael/.m2/repository/com/google/guava/guava/33.2.1-jre/guava-33.2.1-jre.jar:/home/wael/.m2/repository/com/google/guava/failureaccess/1.0.2/failureaccess-1.0.2.jar:/home/wael/.m2/repository/javax/inject/javax.inject/1/javax.inject-1.jar:/home/wael/.m2/repository/org/codehaus/plexus/plexus-utils/3.5.1/plexus-utils-3.5.1.jar:/home/wael/.m2/repository/org/codehaus/plexus/plexus-classworlds/2.8.0/plexus-classworlds-2.8.0.jar:/home/wael/.m2/repository/org/codehaus/plexus/plexus-interpolation/1.27/plexus-interpolation-1.27.jar:/home/wael/.m2/repository/org/codehaus/plexus/plexus-component-annotations/2.1.0/plexus-component-annotations-2.1.0.jar:/home/wael/.m2/repository/org/slf4j/slf4j-api/1.7.36/slf4j-api-1.7.36.jar:/home/wael/.m2/repository/commons-jxpath/commons-jxpath/1.3/commons-jxpath-1.3.jar:/home/wael/.m2/repository/commons-io/commons-io/2.16.1/commons-io-2.16.1.jar:/home/wael/.m2/repository/org/mockito/mockito-core/4.11.0/mockito-core-4.11.0.jar:/home/wael/.m2/repository/net/bytebuddy/byte-buddy/1.12.19/byte-buddy-1.12.19.jar:/home/wael/.m2/repository/net/bytebuddy/byte-buddy-agent/1.12.19/byte-buddy-agent-1.12.19.jar:/home/wael/.m2/repository/org/objenesis/objenesis/3.3/objenesis-3.3.jar:/home/wael/.m2/repository/org/hamcrest/hamcrest/2.2/hamcrest-2.2.jar:/home/wael/.m2/repository/junit/junit/4.13.2/junit-4.13.2.jar:/home/wael/.m2/repository/org/hamcrest/hamcrest-core/2.2/hamcrest-core-2.2.jar:"/>
    <property name="java.vm.vendor" value="Ubuntu"/>
    <property name="sun.arch.data.model" value="64"/>
    <property name="java.vendor.url" value="https://ubuntu.com/"/>
    <property name="user.timezone" value="Africa/Cairo"/>
    <property name="os.name" value="Linux"/>
    <property name="java.vm.specification.version" value="17"/>
    <property name="sun.java.launcher" value="SUN_STANDARD"/>
    <property name="user.country" value="US"/>
    <property name="sun.boot.library.path" value="/usr/lib/jvm/java-17-openjdk-amd64/lib"/>
    <property name="sun.java.command" value="/home/wael/apache-maven-3.9.8/maven-core/target/surefire/surefirebooter-20240813153105252_60.jar /home/wael/apache-maven-3.9.8/maven-core/target/surefire 2024-08-13T15-29-33_340-jvmRun1 surefire-20240813153105252_58tmp surefire_8-20240813153105252_59tmp"/>
    <property name="jdk.debug" value="release"/>
    <property name="surefire.test.class.path" value="/home/wael/apache-maven-3.9.8/maven-core/target/test-classes:/home/wael/apache-maven-3.9.8/maven-core/target/classes:/home/wael/apache-maven-3.9.8/maven-model/target/maven-model-3.9.8.jar:/home/wael/apache-maven-3.9.8/maven-settings/target/maven-settings-3.9.8.jar:/home/wael/apache-maven-3.9.8/maven-settings-builder/target/maven-settings-builder-3.9.8.jar:/home/wael/.m2/repository/org/codehaus/plexus/plexus-sec-dispatcher/2.0/plexus-sec-dispatcher-2.0.jar:/home/wael/.m2/repository/org/codehaus/plexus/plexus-cipher/2.0/plexus-cipher-2.0.jar:/home/wael/apache-maven-3.9.8/maven-builder-support/target/maven-builder-support-3.9.8.jar:/home/wael/apache-maven-3.9.8/maven-repository-metadata/target/maven-repository-metadata-3.9.8.jar:/home/wael/apache-maven-3.9.8/maven-artifact/target/maven-artifact-3.9.8.jar:/home/wael/apache-maven-3.9.8/maven-plugin-api/target/maven-plugin-api-3.9.8.jar:/home/wael/apache-maven-3.9.8/maven-model-builder/target/maven-model-builder-3.9.8.jar:/home/wael/apache-maven-3.9.8/maven-resolver-provider/target/maven-resolver-provider-3.9.8.jar:/home/wael/.m2/repository/org/apache/maven/resolver/maven-resolver-impl/1.9.20/maven-resolver-impl-1.9.20.jar:/home/wael/.m2/repository/org/apache/maven/resolver/maven-resolver-named-locks/1.9.20/maven-resolver-named-locks-1.9.20.jar:/home/wael/.m2/repository/org/apache/maven/resolver/maven-resolver-api/1.9.20/maven-resolver-api-1.9.20.jar:/home/wael/.m2/repository/org/apache/maven/resolver/maven-resolver-spi/1.9.20/maven-resolver-spi-1.9.20.jar:/home/wael/.m2/repository/org/apache/maven/resolver/maven-resolver-util/1.9.20/maven-resolver-util-1.9.20.jar:/home/wael/.m2/repository/org/apache/maven/shared/maven-shared-utils/3.4.2/maven-shared-utils-3.4.2.jar:/home/wael/.m2/repository/org/eclipse/sisu/org.eclipse.sisu.plexus/0.9.0.M3/org.eclipse.sisu.plexus-0.9.0.M3.jar:/home/wael/.m2/repository/org/codehaus/plexus/plexus-xml/3.0.0/plexus-xml-3.0.0.jar:/home/wael/.m2/repository/org/eclipse/sisu/org.eclipse.sisu.inject/0.9.0.M3/org.eclipse.sisu.inject-0.9.0.M3.jar:/home/wael/.m2/repository/com/google/inject/guice/5.1.0/guice-5.1.0.jar:/home/wael/.m2/repository/aopalliance/aopalliance/1.0/aopalliance-1.0.jar:/home/wael/.m2/repository/com/google/guava/guava/33.2.1-jre/guava-33.2.1-jre.jar:/home/wael/.m2/repository/com/google/guava/failureaccess/1.0.2/failureaccess-1.0.2.jar:/home/wael/.m2/repository/javax/inject/javax.inject/1/javax.inject-1.jar:/home/wael/.m2/repository/org/codehaus/plexus/plexus-utils/3.5.1/plexus-utils-3.5.1.jar:/home/wael/.m2/repository/org/codehaus/plexus/plexus-classworlds/2.8.0/plexus-classworlds-2.8.0.jar:/home/wael/.m2/repository/org/codehaus/plexus/plexus-interpolation/1.27/plexus-interpolation-1.27.jar:/home/wael/.m2/repository/org/codehaus/plexus/plexus-component-annotations/2.1.0/plexus-component-annotations-2.1.0.jar:/home/wael/.m2/repository/org/slf4j/slf4j-api/1.7.36/slf4j-api-1.7.36.jar:/home/wael/.m2/repository/commons-jxpath/commons-jxpath/1.3/commons-jxpath-1.3.jar:/home/wael/.m2/repository/commons-io/commons-io/2.16.1/commons-io-2.16.1.jar:/home/wael/.m2/repository/org/mockito/mockito-core/4.11.0/mockito-core-4.11.0.jar:/home/wael/.m2/repository/net/bytebuddy/byte-buddy/1.12.19/byte-buddy-1.12.19.jar:/home/wael/.m2/repository/net/bytebuddy/byte-buddy-agent/1.12.19/byte-buddy-agent-1.12.19.jar:/home/wael/.m2/repository/org/objenesis/objenesis/3.3/objenesis-3.3.jar:/home/wael/.m2/repository/org/hamcrest/hamcrest/2.2/hamcrest-2.2.jar:/home/wael/.m2/repository/junit/junit/4.13.2/junit-4.13.2.jar:/home/wael/.m2/repository/org/hamcrest/hamcrest-core/2.2/hamcrest-core-2.2.jar:"/>
    <property name="sun.cpu.endian" value="little"/>
    <property name="user.home" value="/home/wael"/>
    <property name="user.language" value="en"/>
    <property name="java.specification.vendor" value="Oracle Corporation"/>
    <property name="java.version.date" value="2024-07-16"/>
    <property name="java.home" value="/usr/lib/jvm/java-17-openjdk-amd64"/>
    <property name="file.separator" value="/"/>
    <property name="basedir" value="/home/wael/apache-maven-3.9.8/maven-core"/>
    <property name="java.vm.compressedOopsMode" value="32-bit"/>
    <property name="line.separator" value="&#10;"/>
    <property name="checkstyle.skip" value="true"/>
    <property name="java.vm.specification.vendor" value="Oracle Corporation"/>
    <property name="java.specification.name" value="Java Platform API Specification"/>
    <property name="surefire.real.class.path" value="/home/wael/apache-maven-3.9.8/maven-core/target/surefire/surefirebooter-20240813153105252_60.jar"/>
    <property name="sun.management.compiler" value="HotSpot 64-Bit Tiered Compilers"/>
    <property name="java.runtime.version" value="17.0.12+7-Ubuntu-1ubuntu220.04"/>
    <property name="user.name" value="wael"/>
    <property name="path.separator" value=":"/>
    <property name="os.version" value="5.15.0-117-generic"/>
    <property name="java.runtime.name" value="OpenJDK Runtime Environment"/>
    <property name="file.encoding" value="UTF-8"/>
    <property name="guice.disable.misplaced.annotation.check" value="true"/>
    <property name="java.vm.name" value="OpenJDK 64-Bit Server VM"/>
    <property name="localRepository" value="/home/wael/.m2/repository"/>
    <property name="java.vendor.url.bug" value="https://bugs.launchpad.net/ubuntu/+source/openjdk-17"/>
    <property name="java.io.tmpdir" value="/tmp"/>
    <property name="java.version" value="17.0.12"/>
    <property name="user.dir" value="/home/wael/apache-maven-3.9.8/maven-core"/>
    <property name="os.arch" value="amd64"/>
    <property name="java.vm.specification.name" value="Java Virtual Machine Specification"/>
    <property name="native.encoding" value="UTF-8"/>
    <property name="java.library.path" value="/usr/java/packages/lib:/usr/lib/x86_64-linux-gnu/jni:/lib/x86_64-linux-gnu:/usr/lib/x86_64-linux-gnu:/usr/lib/jni:/lib:/usr/lib"/>
    <property name="java.vm.info" value="mixed mode, sharing"/>
    <property name="java.vendor" value="Ubuntu"/>
    <property name="java.vm.version" value="17.0.12+7-Ubuntu-1ubuntu220.04"/>
    <property name="sun.io.unicode.encoding" value="UnicodeLittle"/>
    <property name="java.class.version" value="61.0"/>
  </properties>
  <testcase name="testConcurrencyGraphPrimaryVersion" classname="org.apache.maven.lifecycle.internal.ConcurrencyDependencyGraphTest" time="0.0"/>
  <testcase name="testConcurrencyGraphDifferentCompletionOrder" classname="org.apache.maven.lifecycle.internal.ConcurrencyDependencyGraphTest" time="0.0"/>
</testsuite>