<component-set>
  <components>
    <component>
      <role>org.apache.maven.artifact.metadata.ArtifactMetadataSource</role>
      <role-hint>test</role-hint>
      <implementation>org.apache.maven.artifact.metadata.TestMetadataSource</implementation>
      <description></description>
      <isolated-realm>false</isolated-realm>
      <requirements>
        <requirement>
          <role>org.apache.maven.artifact.factory.ArtifactFactory</role>
          <field-name>factory</field-name>
        </requirement>
      </requirements>
    </component>
    <component>
      <role>org.apache.maven.artifact.repository.layout.ArtifactRepositoryLayout</role>
      <role-hint>legacy</role-hint>
      <implementation>org.apache.maven.repository.LegacyRepositoryLayout</implementation>
      <description></description>
      <isolated-realm>false</isolated-realm>
    </component>
    <component>
      <role>org.apache.maven.artifact.resolver.ArtifactResolver</role>
      <role-hint>classpath</role-hint>
      <implementation>org.apache.maven.project.TestArtifactResolver</implementation>
      <description></description>
      <isolated-realm>false</isolated-realm>
      <requirements>
        <requirement>
          <role>org.apache.maven.artifact.metadata.ArtifactMetadataSource</role>
          <role-hint>classpath</role-hint>
          <field-name>source</field-name>
        </requirement>
        <requirement>
          <role>org.codehaus.plexus.logging.Logger</role>
          <field-name>logger</field-name>
        </requirement>
        <requirement>
          <role>org.apache.maven.artifact.factory.ArtifactFactory</role>
          <field-name>artifactFactory</field-name>
        </requirement>
        <requirement>
          <role>org.apache.maven.artifact.resolver.ArtifactCollector</role>
          <field-name>artifactCollector</field-name>
        </requirement>
        <requirement>
          <role>org.apache.maven.artifact.resolver.ResolutionErrorHandler</role>
          <field-name>resolutionErrorHandler</field-name>
        </requirement>
        <requirement>
          <role>org.apache.maven.artifact.metadata.ArtifactMetadataSource</role>
          <field-name>source</field-name>
        </requirement>
        <requirement>
          <role>org.codehaus.plexus.PlexusContainer</role>
          <field-name>container</field-name>
        </requirement>
        <requirement>
          <role>org.apache.maven.plugin.LegacySupport</role>
          <field-name>legacySupport</field-name>
        </requirement>
        <requirement>
          <role>org.eclipse.aether.RepositorySystem</role>
          <field-name>repoSystem</field-name>
        </requirement>
      </requirements>
    </component>
    <component>
      <role>org.apache.maven.project.ProjectBuilder</role>
      <role-hint>classpath</role-hint>
      <implementation>org.apache.maven.project.TestProjectBuilder</implementation>
      <description></description>
      <isolated-realm>false</isolated-realm>
      <requirements>
        <requirement>
          <role>org.codehaus.plexus.logging.Logger</role>
          <field-name>logger</field-name>
        </requirement>
        <requirement>
          <role>org.apache.maven.model.building.ModelBuilder</role>
          <field-name>modelBuilder</field-name>
        </requirement>
        <requirement>
          <role>org.apache.maven.model.building.ModelProcessor</role>
          <field-name>modelProcessor</field-name>
        </requirement>
        <requirement>
          <role>org.apache.maven.project.ProjectBuildingHelper</role>
          <field-name>projectBuildingHelper</field-name>
        </requirement>
        <requirement>
          <role>org.apache.maven.bridge.MavenRepositorySystem</role>
          <field-name>repositorySystem</field-name>
        </requirement>
        <requirement>
          <role>org.eclipse.aether.RepositorySystem</role>
          <field-name>repoSystem</field-name>
        </requirement>
        <requirement>
          <role>org.eclipse.aether.impl.RemoteRepositoryManager</role>
          <field-name>repositoryManager</field-name>
        </requirement>
        <requirement>
          <role>org.apache.maven.project.ProjectDependenciesResolver</role>
          <field-name>dependencyResolver</field-name>
        </requirement>
        <requirement>
          <role>org.apache.maven.repository.internal.ModelCacheFactory</role>
          <field-name>modelCacheFactory</field-name>
        </requirement>
      </requirements>
    </component>
    <component>
      <role>org.apache.maven.repository.RepositorySystem</role>
      <role-hint>classpath</role-hint>
      <implementation>org.apache.maven.project.TestMavenRepositorySystem</implementation>
      <description></description>
      <isolated-realm>false</isolated-realm>
      <requirements>
        <requirement>
          <role>org.apache.maven.artifact.resolver.ArtifactResolver</role>
          <role-hint>classpath</role-hint>
          <field-name>artifactResolver</field-name>
        </requirement>
        <requirement>
          <role>org.codehaus.plexus.logging.Logger</role>
          <field-name>logger</field-name>
        </requirement>
        <requirement>
          <role>org.apache.maven.artifact.factory.ArtifactFactory</role>
          <field-name>artifactFactory</field-name>
        </requirement>
        <requirement>
          <role>org.apache.maven.artifact.resolver.ArtifactResolver</role>
          <field-name>artifactResolver</field-name>
        </requirement>
        <requirement>
          <role>org.apache.maven.repository.legacy.repository.ArtifactRepositoryFactory</role>
          <field-name>artifactRepositoryFactory</field-name>
        </requirement>
        <requirement>
          <role>org.apache.maven.artifact.repository.layout.ArtifactRepositoryLayout</role>
          <field-name>layouts</field-name>
        </requirement>
        <requirement>
          <role>org.apache.maven.repository.legacy.WagonManager</role>
          <field-name>wagonManager</field-name>
        </requirement>
        <requirement>
          <role>org.codehaus.plexus.PlexusContainer</role>
          <field-name>plexus</field-name>
        </requirement>
        <requirement>
          <role>org.apache.maven.repository.MirrorSelector</role>
          <field-name>mirrorSelector</field-name>
        </requirement>
        <requirement>
          <role>org.apache.maven.settings.crypto.SettingsDecrypter</role>
          <field-name>settingsDecrypter</field-name>
        </requirement>
      </requirements>
    </component>
    <component>
      <role>org.apache.maven.repository.legacy.metadata.ArtifactMetadataSource</role>
      <role-hint>default</role-hint>
      <implementation>org.apache.maven.repository.metadata.TestMetadataSource</implementation>
      <description></description>
      <isolated-realm>false</isolated-realm>
      <requirements>
        <requirement>
          <role>org.apache.maven.artifact.factory.ArtifactFactory</role>
          <field-name>factory</field-name>
        </requirement>
      </requirements>
    </component>
    <component>
      <role>org.apache.maven.wagon.Wagon</role>
      <role-hint>perlookup</role-hint>
      <implementation>org.apache.maven.repository.legacy.PerLookupWagon</implementation>
      <instantiation-strategy>per-lookup</instantiation-strategy>
      <description></description>
      <isolated-realm>false</isolated-realm>
    </component>
    <component>
      <role>org.apache.maven.wagon.Wagon</role>
      <role-hint>string</role-hint>
      <implementation>org.apache.maven.repository.legacy.StringWagon</implementation>
      <description></description>
      <isolated-realm>false</isolated-realm>
    </component>
    <component>
      <role>org.apache.maven.wagon.Wagon</role>
      <role-hint>a</role-hint>
      <implementation>org.apache.maven.repository.legacy.WagonA</implementation>
      <description></description>
      <isolated-realm>false</isolated-realm>
    </component>
    <component>
      <role>org.apache.maven.wagon.Wagon</role>
      <role-hint>b</role-hint>
      <implementation>org.apache.maven.repository.legacy.WagonB</implementation>
      <description></description>
      <isolated-realm>false</isolated-realm>
    </component>
    <component>
      <role>org.apache.maven.wagon.Wagon</role>
      <role-hint>c</role-hint>
      <implementation>org.apache.maven.repository.legacy.WagonC</implementation>
      <description></description>
      <isolated-realm>false</isolated-realm>
    </component>
    <component>
      <role>org.eclipse.aether.impl.ArtifactResolver</role>
      <role-hint>classpath</role-hint>
      <implementation>org.apache.maven.project.ClasspathArtifactResolver</implementation>
      <description></description>
      <isolated-realm>false</isolated-realm>
    </component>
  </components>
</component-set>
